  [1m[35m (1222.6ms)[0m  [1m[35mCREATE DATABASE "cats99_development" ENCODING = 'unicode'[0m
  ↳ bin/rails:9
  [1m[35m (1250.5ms)[0m  [1m[35mCREATE DATABASE "cats99_test" ENCODING = 'unicode'[0m
  ↳ bin/rails:9
  [1m[35m (31.7ms)[0m  [1m[35mCREATE TABLE "schema_migrations" ("version" character varying NOT NULL PRIMARY KEY)[0m
  ↳ bin/rails:9
  [1m[35m (34.9ms)[0m  [1m[35mCREATE TABLE "ar_internal_metadata" ("key" character varying NOT NULL PRIMARY KEY, "value" character varying, "created_at" timestamp NOT NULL, "updated_at" timestamp NOT NULL)[0m
  ↳ bin/rails:9
  [1m[35m (0.3ms)[0m  [1m[34mSELECT "schema_migrations"."version" FROM "schema_migrations" ORDER BY "schema_migrations"."version" ASC[0m
  ↳ bin/rails:9
  [1m[35m (0.2ms)[0m  [1m[34mSELECT pg_try_advisory_lock(7809834472913233005)[0m
  ↳ bin/rails:9
  [1m[35m (0.4ms)[0m  [1m[34mSELECT "schema_migrations"."version" FROM "schema_migrations" ORDER BY "schema_migrations"."version" ASC[0m
  ↳ bin/rails:9
Migrating to CreateCats (20200529133956)
  [1m[35m (0.1ms)[0m  [1m[35mBEGIN[0m
  ↳ bin/rails:9
  [1m[35m (252.4ms)[0m  [1m[35mCREATE TABLE "cats" ("id" bigserial primary key, "birth_date" date NOT NULL, "color" character varying NOT NULL, "name" character varying NOT NULL, "sex" character varying(1) NOT NULL, "description" text NOT NULL, "created_at" timestamp NOT NULL, "updated_at" timestamp NOT NULL)[0m
  ↳ db/migrate/20200529133956_create_cats.rb:3
  [1m[36mActiveRecord::SchemaMigration Create (0.6ms)[0m  [1m[32mINSERT INTO "schema_migrations" ("version") VALUES ($1) RETURNING "version"[0m  [["version", "20200529133956"]]
  ↳ bin/rails:9
  [1m[35m (5.7ms)[0m  [1m[35mCOMMIT[0m
  ↳ bin/rails:9
  [1m[36mActiveRecord::InternalMetadata Load (0.5ms)[0m  [1m[34mSELECT  "ar_internal_metadata".* FROM "ar_internal_metadata" WHERE "ar_internal_metadata"."key" = $1 LIMIT $2[0m  [["key", "environment"], ["LIMIT", 1]]
  ↳ bin/rails:9
  [1m[35m (0.2ms)[0m  [1m[35mBEGIN[0m
  ↳ bin/rails:9
  [1m[36mActiveRecord::InternalMetadata Create (0.5ms)[0m  [1m[32mINSERT INTO "ar_internal_metadata" ("key", "value", "created_at", "updated_at") VALUES ($1, $2, $3, $4) RETURNING "key"[0m  [["key", "environment"], ["value", "development"], ["created_at", "2020-05-29 17:59:41.913743"], ["updated_at", "2020-05-29 17:59:41.913743"]]
  ↳ bin/rails:9
  [1m[35m (5.6ms)[0m  [1m[35mCOMMIT[0m
  ↳ bin/rails:9
  [1m[35m (0.9ms)[0m  [1m[34mSELECT pg_advisory_unlock(7809834472913233005)[0m
  ↳ bin/rails:9
  [1m[35m (0.3ms)[0m  [1m[34mSELECT "schema_migrations"."version" FROM "schema_migrations" ORDER BY "schema_migrations"."version" ASC[0m
  ↳ bin/rails:9
  [1m[35m (1.0ms)[0m  [1m[34mSELECT "schema_migrations"."version" FROM "schema_migrations" ORDER BY "schema_migrations"."version" ASC[0m
  ↳ bin/rails:9
  [1m[36mCat Load (0.5ms)[0m  [1m[34mSELECT "cats".* FROM "cats"[0m
  ↳ db/seeds.rb:9
  [1m[35m (0.1ms)[0m  [1m[35mBEGIN[0m
  ↳ db/seeds.rb:11
  [1m[36mCat Create (1.0ms)[0m  [1m[32mINSERT INTO "cats" ("birth_date", "color", "name", "sex", "created_at", "updated_at") VALUES ($1, $2, $3, $4, $5, $6) RETURNING "id"[0m  [["birth_date", "2020-04-30"], ["color", "blue"], ["name", "Rex"], ["sex", "M"], ["created_at", "2020-05-29 17:59:45.381841"], ["updated_at", "2020-05-29 17:59:45.381841"]]
  ↳ db/seeds.rb:11
  [1m[35m (0.1ms)[0m  [1m[31mROLLBACK[0m
  ↳ db/seeds.rb:11
  [1m[35m (0.5ms)[0m  [1m[34mSELECT "schema_migrations"."version" FROM "schema_migrations" ORDER BY "schema_migrations"."version" ASC[0m
  ↳ bin/rails:9
  [1m[36mCat Load (0.8ms)[0m  [1m[34mSELECT "cats".* FROM "cats"[0m
  ↳ db/seeds.rb:9
  [1m[35m (0.2ms)[0m  [1m[35mBEGIN[0m
  ↳ db/seeds.rb:11
  [1m[36mCat Create (1.1ms)[0m  [1m[32mINSERT INTO "cats" ("birth_date", "color", "name", "sex", "description", "created_at", "updated_at") VALUES ($1, $2, $3, $4, $5, $6, $7) RETURNING "id"[0m  [["birth_date", "2020-04-30"], ["color", "blue"], ["name", "Rex"], ["sex", "M"], ["description", "Cute, but aggresive"], ["created_at", "2020-05-29 18:01:06.674198"], ["updated_at", "2020-05-29 18:01:06.674198"]]
  ↳ db/seeds.rb:11
  [1m[35m (12.0ms)[0m  [1m[35mCOMMIT[0m
  ↳ db/seeds.rb:11
  [1m[35m (0.1ms)[0m  [1m[35mBEGIN[0m
  ↳ db/seeds.rb:12
  [1m[36mCat Create (0.3ms)[0m  [1m[32mINSERT INTO "cats" ("birth_date", "color", "name", "sex", "description", "created_at", "updated_at") VALUES ($1, $2, $3, $4, $5, $6, $7) RETURNING "id"[0m  [["birth_date", "2020-03-22"], ["color", "green"], ["name", "Hellena"], ["sex", "F"], ["description", "Quite ok"], ["created_at", "2020-05-29 18:01:06.689373"], ["updated_at", "2020-05-29 18:01:06.689373"]]
  ↳ db/seeds.rb:12
  [1m[35m (5.3ms)[0m  [1m[35mCOMMIT[0m
  ↳ db/seeds.rb:12
  [1m[35m (0.1ms)[0m  [1m[35mBEGIN[0m
  ↳ db/seeds.rb:13
  [1m[36mCat Create (0.3ms)[0m  [1m[32mINSERT INTO "cats" ("birth_date", "color", "name", "sex", "description", "created_at", "updated_at") VALUES ($1, $2, $3, $4, $5, $6, $7) RETURNING "id"[0m  [["birth_date", "2020-02-20"], ["color", "yellow"], ["name", "Kocys"], ["sex", "M"], ["description", "Long story..."], ["created_at", "2020-05-29 18:01:06.696756"], ["updated_at", "2020-05-29 18:01:06.696756"]]
  ↳ db/seeds.rb:13
  [1m[35m (5.4ms)[0m  [1m[35mCOMMIT[0m
  ↳ db/seeds.rb:13
Started GET "/" for 127.0.0.1 at 2020-05-29 20:02:47 +0200
  [1m[35m (1.4ms)[0m  [1m[34mSELECT "schema_migrations"."version" FROM "schema_migrations" ORDER BY "schema_migrations"."version" ASC[0m
  ↳ /home/gz/.rbenv/versions/2.5.7/lib/ruby/gems/2.5.0/gems/activerecord-5.2.4.3/lib/active_record/log_subscriber.rb:98
Processing by Rails::WelcomeController#index as HTML
  Rendering /home/gz/.rbenv/versions/2.5.7/lib/ruby/gems/2.5.0/gems/railties-5.2.4.3/lib/rails/templates/rails/welcome/index.html.erb
  Rendered /home/gz/.rbenv/versions/2.5.7/lib/ruby/gems/2.5.0/gems/railties-5.2.4.3/lib/rails/templates/rails/welcome/index.html.erb (3.7ms)
Completed 200 OK in 18ms (Views: 11.1ms | ActiveRecord: 0.0ms)


Started GET "/index" for 127.0.0.1 at 2020-05-29 20:02:52 +0200
  
ActionController::RoutingError (No route matches [GET] "/index"):
  
actionpack (5.2.4.3) lib/action_dispatch/middleware/debug_exceptions.rb:65:in `call'
web-console (3.7.0) lib/web_console/middleware.rb:135:in `call_app'
web-console (3.7.0) lib/web_console/middleware.rb:30:in `block in call'
web-console (3.7.0) lib/web_console/middleware.rb:20:in `catch'
web-console (3.7.0) lib/web_console/middleware.rb:20:in `call'
actionpack (5.2.4.3) lib/action_dispatch/middleware/show_exceptions.rb:33:in `call'
railties (5.2.4.3) lib/rails/rack/logger.rb:38:in `call_app'
railties (5.2.4.3) lib/rails/rack/logger.rb:26:in `block in call'
activesupport (5.2.4.3) lib/active_support/tagged_logging.rb:71:in `block in tagged'
activesupport (5.2.4.3) lib/active_support/tagged_logging.rb:28:in `tagged'
activesupport (5.2.4.3) lib/active_support/tagged_logging.rb:71:in `tagged'
railties (5.2.4.3) lib/rails/rack/logger.rb:26:in `call'
sprockets-rails (3.2.1) lib/sprockets/rails/quiet_assets.rb:13:in `call'
actionpack (5.2.4.3) lib/action_dispatch/middleware/remote_ip.rb:81:in `call'
actionpack (5.2.4.3) lib/action_dispatch/middleware/request_id.rb:27:in `call'
rack (2.2.2) lib/rack/method_override.rb:24:in `call'
rack (2.2.2) lib/rack/runtime.rb:22:in `call'
activesupport (5.2.4.3) lib/active_support/cache/strategy/local_cache_middleware.rb:29:in `call'
actionpack (5.2.4.3) lib/action_dispatch/middleware/executor.rb:14:in `call'
actionpack (5.2.4.3) lib/action_dispatch/middleware/static.rb:127:in `call'
rack (2.2.2) lib/rack/sendfile.rb:110:in `call'
railties (5.2.4.3) lib/rails/engine.rb:524:in `call'
puma (3.12.6) lib/puma/configuration.rb:227:in `call'
puma (3.12.6) lib/puma/server.rb:706:in `handle_request'
puma (3.12.6) lib/puma/server.rb:476:in `process_client'
puma (3.12.6) lib/puma/server.rb:334:in `block in run'
puma (3.12.6) lib/puma/thread_pool.rb:135:in `block in spawn_thread'
Started GET "/cats" for 127.0.0.1 at 2020-05-29 20:03:09 +0200
Processing by CatsController#index as HTML
  Rendering cats/index.html.erb within layouts/application
  [1m[36mCat Load (0.6ms)[0m  [1m[34mSELECT "cats".* FROM "cats"[0m
  ↳ app/views/cats/index.html.erb:1
  Rendered collection of cats/_cat.html.erb [3 times] (0.5ms)
  Rendered cats/index.html.erb within layouts/application (17.6ms)
Completed 200 OK in 1502ms (Views: 1495.3ms | ActiveRecord: 5.1ms)


Started GET "/cats" for 127.0.0.1 at 2020-05-29 20:06:29 +0200
Processing by CatsController#index as HTML
  Rendering cats/index.html.erb within layouts/application
  [1m[36mCat Load (0.7ms)[0m  [1m[34mSELECT "cats".* FROM "cats"[0m
  ↳ app/views/cats/index.html.erb:2
  Rendered collection of cats/_cat.html.erb [3 times] (0.5ms)
  Rendered cats/index.html.erb within layouts/application (4.3ms)
Completed 200 OK in 41ms (Views: 39.4ms | ActiveRecord: 0.7ms)


Started GET "/cats" for 127.0.0.1 at 2020-05-29 20:06:30 +0200
Processing by CatsController#index as HTML
  Rendering cats/index.html.erb within layouts/application
  [1m[36mCat Load (1.8ms)[0m  [1m[34mSELECT "cats".* FROM "cats"[0m
  ↳ app/views/cats/index.html.erb:2
  Rendered collection of cats/_cat.html.erb [3 times] (0.5ms)
  Rendered cats/index.html.erb within layouts/application (6.3ms)
Completed 200 OK in 29ms (Views: 26.1ms | ActiveRecord: 1.8ms)


Started GET "/cats" for 127.0.0.1 at 2020-05-29 20:07:33 +0200
Processing by CatsController#index as HTML
  Rendering cats/index.html.erb within layouts/application
  [1m[36mCat Load (0.7ms)[0m  [1m[34mSELECT "cats".* FROM "cats"[0m
  ↳ app/views/cats/index.html.erb:2
  Rendered collection of cats/_cat.html.erb [3 times] (1.2ms)
  Rendered cats/index.html.erb within layouts/application (4.2ms)
Completed 200 OK in 19ms (Views: 17.4ms | ActiveRecord: 0.7ms)


Started GET "/cats" for 127.0.0.1 at 2020-05-29 20:27:51 +0200
  [1m[35m (0.9ms)[0m  [1m[34mSELECT "schema_migrations"."version" FROM "schema_migrations" ORDER BY "schema_migrations"."version" ASC[0m
  ↳ /home/gz/.rbenv/versions/2.5.7/lib/ruby/gems/2.5.0/gems/activerecord-5.2.4.3/lib/active_record/log_subscriber.rb:98
Processing by CatsController#index as HTML
  Rendering cats/index.html.erb within layouts/application
  Rendered cats/index.html.erb within layouts/application (1.0ms)
Completed 200 OK in 226ms (Views: 219.4ms | ActiveRecord: 0.0ms)


Started GET "/cats" for 127.0.0.1 at 2020-05-29 20:29:31 +0200
Processing by CatsController#index as HTML
  Rendering cats/index.html.erb within layouts/application
  [1m[36mCat Load (0.7ms)[0m  [1m[34mSELECT "cats".* FROM "cats"[0m
  ↳ app/views/cats/index.html.erb:2
  Rendered collection of cats/_cat.html.erb [3 times] (1.3ms)
  Rendered cats/index.html.erb within layouts/application (40.8ms)
Completed 200 OK in 57ms (Views: 41.2ms | ActiveRecord: 14.5ms)


Started GET "/cats/2" for 127.0.0.1 at 2020-05-29 20:29:33 +0200
Processing by CatsController#show as HTML
  Parameters: {"id"=>"2"}
  [1m[36mCat Load (0.3ms)[0m  [1m[34mSELECT  "cats".* FROM "cats" WHERE "cats"."id" = $1 LIMIT $2[0m  [["id", nil], ["LIMIT", 1]]
  ↳ app/controllers/cats_controller.rb:8
Completed 404 Not Found in 14ms (ActiveRecord: 10.2ms)


  
ActiveRecord::RecordNotFound (Couldn't find Cat with 'id'=id):
  
app/controllers/cats_controller.rb:8:in `show'
  [1m[36mCat Load (0.4ms)[0m  [1m[34mSELECT "cats".* FROM "cats"[0m
  [1m[36mCat Load (0.3ms)[0m  [1m[34mSELECT  "cats".* FROM "cats" WHERE "cats"."id" = $1 LIMIT $2[0m  [["id", 2], ["LIMIT", 1]]
Started GET "/cats/2" for 127.0.0.1 at 2020-05-29 20:32:42 +0200
Processing by CatsController#show as HTML
  Parameters: {"id"=>"2"}
  [1m[36mCat Load (0.5ms)[0m  [1m[34mSELECT  "cats".* FROM "cats" WHERE "cats"."id" = $1 LIMIT $2[0m  [["id", nil], ["LIMIT", 1]]
  ↳ app/controllers/cats_controller.rb:8
Completed 404 Not Found in 2ms (ActiveRecord: 0.5ms)


  
ActiveRecord::RecordNotFound (Couldn't find Cat with 'id'=id):
  
app/controllers/cats_controller.rb:8:in `show'
Started GET "/cats/2" for 127.0.0.1 at 2020-05-29 20:40:57 +0200
  [1m[35m (0.6ms)[0m  [1m[34mSELECT "schema_migrations"."version" FROM "schema_migrations" ORDER BY "schema_migrations"."version" ASC[0m
  ↳ /home/gz/.rbenv/versions/2.5.7/lib/ruby/gems/2.5.0/gems/activerecord-5.2.4.3/lib/active_record/log_subscriber.rb:98
Processing by CatsController#show as HTML
  Parameters: {"id"=>"2"}
  [1m[36mCat Load (0.4ms)[0m  [1m[34mSELECT  "cats".* FROM "cats" WHERE "cats"."id" = $1 LIMIT $2[0m  [["id", 2], ["LIMIT", 1]]
  ↳ app/controllers/cats_controller.rb:8
  Rendering cats/show.html.erb within layouts/application
  Rendered cats/show.html.erb within layouts/application (1.2ms)
Completed 200 OK in 228ms (Views: 205.6ms | ActiveRecord: 5.0ms)


Started GET "/cats/2" for 127.0.0.1 at 2020-05-29 20:43:21 +0200
Processing by CatsController#show as HTML
  Parameters: {"id"=>"2"}
  [1m[36mCat Load (0.9ms)[0m  [1m[34mSELECT  "cats".* FROM "cats" WHERE "cats"."id" = $1 LIMIT $2[0m  [["id", 2], ["LIMIT", 1]]
  ↳ app/controllers/cats_controller.rb:8
  Rendering cats/show.html.erb within layouts/application
  Rendered cats/show.html.erb within layouts/application (0.6ms)
Completed 200 OK in 25ms (Views: 21.2ms | ActiveRecord: 1.2ms)


Started GET "/cats/2" for 127.0.0.1 at 2020-05-29 20:43:52 +0200
Processing by CatsController#show as HTML
  Parameters: {"id"=>"2"}
  [1m[36mCat Load (0.4ms)[0m  [1m[34mSELECT  "cats".* FROM "cats" WHERE "cats"."id" = $1 LIMIT $2[0m  [["id", 2], ["LIMIT", 1]]
  ↳ app/controllers/cats_controller.rb:8
  Rendering cats/show.html.erb within layouts/application
  Rendered cats/show.html.erb within layouts/application (0.6ms)
Completed 200 OK in 21ms (Views: 18.9ms | ActiveRecord: 0.4ms)


Started GET "/cats/2" for 127.0.0.1 at 2020-05-29 20:43:59 +0200
Processing by CatsController#show as HTML
  Parameters: {"id"=>"2"}
  [1m[36mCat Load (0.4ms)[0m  [1m[34mSELECT  "cats".* FROM "cats" WHERE "cats"."id" = $1 LIMIT $2[0m  [["id", 2], ["LIMIT", 1]]
  ↳ app/controllers/cats_controller.rb:8
  Rendering cats/show.html.erb within layouts/application
  Rendered cats/show.html.erb within layouts/application (0.7ms)
Completed 200 OK in 19ms (Views: 17.6ms | ActiveRecord: 0.4ms)


Started GET "/cats/2" for 127.0.0.1 at 2020-05-29 20:44:24 +0200
Processing by CatsController#show as HTML
  Parameters: {"id"=>"2"}
  [1m[36mCat Load (0.5ms)[0m  [1m[34mSELECT  "cats".* FROM "cats" WHERE "cats"."id" = $1 LIMIT $2[0m  [["id", 2], ["LIMIT", 1]]
  ↳ app/controllers/cats_controller.rb:8
  Rendering cats/show.html.erb within layouts/application
  Rendered cats/show.html.erb within layouts/application (0.6ms)
Completed 200 OK in 24ms (Views: 20.4ms | ActiveRecord: 1.3ms)


Started GET "/cats/2" for 127.0.0.1 at 2020-05-29 20:44:44 +0200
Processing by CatsController#show as HTML
  Parameters: {"id"=>"2"}
  [1m[36mCat Load (0.9ms)[0m  [1m[34mSELECT  "cats".* FROM "cats" WHERE "cats"."id" = $1 LIMIT $2[0m  [["id", 2], ["LIMIT", 1]]
  ↳ app/controllers/cats_controller.rb:8
  Rendering cats/show.html.erb within layouts/application
  Rendered cats/show.html.erb within layouts/application (0.5ms)
Completed 200 OK in 25ms (Views: 21.0ms | ActiveRecord: 1.8ms)


Started GET "/cats/new" for 127.0.0.1 at 2020-05-29 21:02:28 +0200
Processing by CatsController#new as HTML
  Rendering cats/new.html.erb within layouts/application
  Rendered cats/new.html.erb within layouts/application (0.5ms)
Completed 200 OK in 52ms (Views: 18.2ms | ActiveRecord: 6.1ms)


Started GET "/cats/new" for 127.0.0.1 at 2020-05-29 21:11:23 +0200
Processing by CatsController#new as HTML
  Rendering cats/new.html.erb within layouts/application
  Rendered cats/new.html.erb within layouts/application (0.3ms)
Completed 200 OK in 19ms (Views: 18.1ms | ActiveRecord: 0.0ms)


Started POST "/cats" for 127.0.0.1 at 2020-05-29 21:11:57 +0200

AbstractController::ActionNotFound - The action 'create' could not be found for CatsController:

Started POST "/__better_errors/8b05566a4b0f1e5a/variables" for 127.0.0.1 at 2020-05-29 21:11:57 +0200
Started POST "/cats" for 127.0.0.1 at 2020-05-29 21:30:28 +0200
Processing by CatsController#create as HTML
  Parameters: {"cat"=>{"name"=>"Stasz", "birth_date"=>"2020-05-04", "color"=>"pink", "sex"=>"on", "description"=>"2"}}
Can't verify CSRF token authenticity.
Completed 422 Unprocessable Entity in 1ms (ActiveRecord: 0.0ms)



ActionController::InvalidAuthenticityToken - ActionController::InvalidAuthenticityToken:

Started POST "/__better_errors/654be5c7c62b0194/variables" for 127.0.0.1 at 2020-05-29 21:30:28 +0200
Started GET "/cats" for 127.0.0.1 at 2020-05-29 21:31:51 +0200
  [1m[35m (0.4ms)[0m  [1m[34mSELECT "schema_migrations"."version" FROM "schema_migrations" ORDER BY "schema_migrations"."version" ASC[0m
  ↳ /home/gz/.rbenv/versions/2.5.7/lib/ruby/gems/2.5.0/gems/activerecord-5.2.4.3/lib/active_record/log_subscriber.rb:98
Processing by CatsController#index as HTML
  Rendering cats/index.html.erb within layouts/application
  [1m[36mCat Load (0.5ms)[0m  [1m[34mSELECT "cats".* FROM "cats"[0m
  ↳ app/views/cats/index.html.erb:2
  Rendered collection of cats/_cat.html.erb [3 times] (1.9ms)
  Rendered cats/index.html.erb within layouts/application (19.8ms)
Completed 200 OK in 182ms (Views: 170.2ms | ActiveRecord: 4.9ms)


Started GET "/cats/new" for 127.0.0.1 at 2020-05-29 21:31:57 +0200
Processing by CatsController#new as HTML
  Rendering cats/new.html.erb within layouts/application
  Rendered cats/new.html.erb within layouts/application (1.1ms)
Completed 500 Internal Server Error in 4ms (ActiveRecord: 0.0ms)



SyntaxError - syntax error, unexpected tIDENTIFIER, expecting ')'
...ffer.append=( render 'form' cat:@cat );
...                            ^~~:
  app/views/cats/new.html.erb:12:in `'
  app/controllers/cats_controller.rb:16:in `new'

Started POST "/__better_errors/82e17e9d7e6287f5/variables" for 127.0.0.1 at 2020-05-29 21:31:57 +0200
Started GET "/cats/new" for 127.0.0.1 at 2020-05-29 21:32:38 +0200
Processing by CatsController#new as HTML
  Rendering cats/new.html.erb within layouts/application
  Rendered cats/new.html.erb within layouts/application (2.0ms)
Completed 500 Internal Server Error in 6ms (ActiveRecord: 0.0ms)



SyntaxError - syntax error, unexpected tIDENTIFIER, expecting ')'
...ffer.append=( render 'form' cat: @cat );
...                            ^~~:
  app/views/cats/new.html.erb:3:in `'
  app/controllers/cats_controller.rb:16:in `new'

Started POST "/__better_errors/1b7faff1717ad1ec/variables" for 127.0.0.1 at 2020-05-29 21:32:39 +0200
Started POST "/__better_errors/1b7faff1717ad1ec/variables" for 127.0.0.1 at 2020-05-29 21:32:51 +0200
Started GET "/cats/new" for 127.0.0.1 at 2020-05-29 21:33:16 +0200
Processing by CatsController#new as HTML
  Rendering cats/new.html.erb within layouts/application
  Rendered cats/_form.html.erb (41.0ms)
  Rendered cats/new.html.erb within layouts/application (42.2ms)
Completed 500 Internal Server Error in 45ms (ActiveRecord: 0.0ms)



ActionView::Template::Error - uninitialized constant ActionView::CompiledTemplates::CAT_COLORS:
  app/views/cats/_form.html.erb:17:in `view template'
  app/views/cats/new.html.erb:3:in `_app_views_cats_new_html_erb__3774585563106152093_47096888516500'
  app/controllers/cats_controller.rb:16:in `new'

Started POST "/__better_errors/19af9c87ad0076cc/variables" for 127.0.0.1 at 2020-05-29 21:33:16 +0200
Started GET "/cats/new" for 127.0.0.1 at 2020-05-29 21:35:21 +0200
Processing by CatsController#new as HTML
  Rendering cats/new.html.erb within layouts/application
  Rendered cats/_form.html.erb (4.6ms)
  Rendered cats/new.html.erb within layouts/application (5.9ms)
Completed 200 OK in 33ms (Views: 32.3ms | ActiveRecord: 0.0ms)


Started GET "/cats/new" for 127.0.0.1 at 2020-05-29 21:35:53 +0200
Processing by CatsController#new as HTML
  Rendering cats/new.html.erb within layouts/application
  Rendered cats/_form.html.erb (1.3ms)
  Rendered cats/new.html.erb within layouts/application (3.1ms)
Completed 200 OK in 33ms (Views: 32.5ms | ActiveRecord: 0.0ms)


Started GET "/cats/new" for 127.0.0.1 at 2020-05-29 21:36:03 +0200
Processing by CatsController#new as HTML
  Rendering cats/new.html.erb within layouts/application
  Rendered cats/_form.html.erb (0.4ms)
  Rendered cats/new.html.erb within layouts/application (1.7ms)
Completed 200 OK in 41ms (Views: 40.5ms | ActiveRecord: 0.0ms)


Started GET "/cats/new" for 127.0.0.1 at 2020-05-29 21:36:10 +0200
Processing by CatsController#new as HTML
  Rendering cats/new.html.erb within layouts/application
  Rendered cats/_form.html.erb (1.1ms)
  Rendered cats/new.html.erb within layouts/application (2.8ms)
Completed 200 OK in 39ms (Views: 38.1ms | ActiveRecord: 0.0ms)


Started GET "/cats/new" for 127.0.0.1 at 2020-05-29 21:36:21 +0200
Processing by CatsController#new as HTML
  Rendering cats/new.html.erb within layouts/application
  Rendered cats/_form.html.erb (0.7ms)
  Rendered cats/new.html.erb within layouts/application (1.9ms)
Completed 200 OK in 34ms (Views: 32.8ms | ActiveRecord: 0.0ms)


Started GET "/cats/new" for 127.0.0.1 at 2020-05-29 21:37:23 +0200
Processing by CatsController#new as HTML
  Rendering cats/new.html.erb within layouts/application
  Rendered cats/_form.html.erb (1.5ms)
  Rendered cats/new.html.erb within layouts/application (3.6ms)
Completed 200 OK in 35ms (Views: 34.2ms | ActiveRecord: 0.0ms)


Started POST "/cats" for 127.0.0.1 at 2020-05-29 21:37:45 +0200
Processing by CatsController#create as HTML
  Parameters: {"cat"=>{"name"=>"22", "birth_date"=>"2020-05-28", "sex"=>"on", "description"=>"2"}}
  [1m[35m (0.1ms)[0m  [1m[35mBEGIN[0m
  ↳ app/controllers/cats_controller.rb:21
  [1m[35m (1.0ms)[0m  [1m[31mROLLBACK[0m
  ↳ app/controllers/cats_controller.rb:21
  Rendering cats/new.html.erb within layouts/application
  Rendered cats/_form.html.erb (1.2ms)
  Rendered cats/new.html.erb within layouts/application (3.4ms)
Completed 200 OK in 52ms (Views: 33.5ms | ActiveRecord: 1.1ms)


Started GET "/cats" for 127.0.0.1 at 2020-05-29 21:39:49 +0200
Processing by CatsController#index as HTML
  Rendering cats/index.html.erb within layouts/application
  [1m[36mCat Load (0.7ms)[0m  [1m[34mSELECT "cats".* FROM "cats"[0m
  ↳ app/views/cats/index.html.erb:2
  Rendered collection of cats/_cat.html.erb [3 times] (1.0ms)
  Rendered cats/index.html.erb within layouts/application (19.6ms)
Completed 200 OK in 46ms (Views: 31.4ms | ActiveRecord: 7.8ms)


Started GET "/cats/new" for 127.0.0.1 at 2020-05-29 21:39:55 +0200
Processing by CatsController#new as HTML
  Rendering cats/new.html.erb within layouts/application
  Rendered cats/_form.html.erb (0.6ms)
  Rendered cats/new.html.erb within layouts/application (1.7ms)
Completed 200 OK in 22ms (Views: 21.7ms | ActiveRecord: 0.0ms)


Started POST "/cats" for 127.0.0.1 at 2020-05-29 21:40:07 +0200
Processing by CatsController#create as HTML
  Parameters: {"cat"=>{"name"=>"22", "birth_date"=>"2020-05-29", "sex"=>"on", "description"=>"2"}}
  [1m[35m (0.1ms)[0m  [1m[35mBEGIN[0m
  ↳ app/controllers/cats_controller.rb:21
  [1m[35m (0.2ms)[0m  [1m[31mROLLBACK[0m
  ↳ app/controllers/cats_controller.rb:21
Completed 500 Internal Server Error in 5ms (ActiveRecord: 0.4ms)



RuntimeError - :
  app/controllers/cats_controller.rb:24:in `create'

Started POST "/__better_errors/1676c1bd2e2441d0/variables" for 127.0.0.1 at 2020-05-29 21:40:07 +0200
Started POST "/__better_errors/1676c1bd2e2441d0/eval" for 127.0.0.1 at 2020-05-29 21:40:16 +0200
Started POST "/__better_errors/1676c1bd2e2441d0/eval" for 127.0.0.1 at 2020-05-29 21:40:25 +0200
Started POST "/__better_errors/1676c1bd2e2441d0/eval" for 127.0.0.1 at 2020-05-29 21:40:55 +0200
Started POST "/cats" for 127.0.0.1 at 2020-05-29 21:43:57 +0200
Processing by CatsController#create as HTML
  Parameters: {"cat"=>{"name"=>"22", "birth_date"=>"2020-05-29", "sex"=>"on", "description"=>"2"}}
  [1m[35m (0.1ms)[0m  [1m[35mBEGIN[0m
  ↳ app/controllers/cats_controller.rb:21
  [1m[35m (0.7ms)[0m  [1m[31mROLLBACK[0m
  ↳ app/controllers/cats_controller.rb:21
Completed 500 Internal Server Error in 5ms (ActiveRecord: 0.8ms)



RuntimeError - :
  app/controllers/cats_controller.rb:24:in `create'

Started POST "/__better_errors/802c738cc939ed1b/variables" for 127.0.0.1 at 2020-05-29 21:43:57 +0200
Started POST "/__better_errors/802c738cc939ed1b/eval" for 127.0.0.1 at 2020-05-29 21:44:06 +0200
Started POST "/__better_errors/802c738cc939ed1b/eval" for 127.0.0.1 at 2020-05-29 21:44:15 +0200
Started POST "/__better_errors/802c738cc939ed1b/eval" for 127.0.0.1 at 2020-05-29 21:44:19 +0200
Started GET "/cats/new" for 127.0.0.1 at 2020-05-29 21:44:26 +0200
Processing by CatsController#new as HTML
  Rendering cats/new.html.erb within layouts/application
  Rendered cats/_form.html.erb (7.4ms)
  Rendered cats/new.html.erb within layouts/application (8.6ms)
Completed 200 OK in 38ms (Views: 37.7ms | ActiveRecord: 0.0ms)


Started GET "/cats/new" for 127.0.0.1 at 2020-05-29 21:45:47 +0200
Processing by CatsController#new as HTML
  Rendering cats/new.html.erb within layouts/application
  Rendered cats/_form.html.erb (0.8ms)
  Rendered cats/new.html.erb within layouts/application (2.6ms)
Completed 200 OK in 33ms (Views: 32.4ms | ActiveRecord: 0.0ms)


Started POST "/cats" for 127.0.0.1 at 2020-05-29 21:45:54 +0200
Processing by CatsController#create as HTML
  Parameters: {"cat"=>{"name"=>"22", "birth_date"=>"2020-05-29", "color"=>"blue", "sex"=>"M", "description"=>"2"}}
  [1m[35m (0.2ms)[0m  [1m[35mBEGIN[0m
  ↳ app/controllers/cats_controller.rb:21
  [1m[36mCat Create (0.9ms)[0m  [1m[32mINSERT INTO "cats" ("birth_date", "color", "name", "sex", "description", "created_at", "updated_at") VALUES ($1, $2, $3, $4, $5, $6, $7) RETURNING "id"[0m  [["birth_date", "2020-05-29"], ["color", "blue"], ["name", "22"], ["sex", "M"], ["description", "2"], ["created_at", "2020-05-29 19:45:54.560016"], ["updated_at", "2020-05-29 19:45:54.560016"]]
  ↳ app/controllers/cats_controller.rb:21
  [1m[35m (5.5ms)[0m  [1m[35mCOMMIT[0m
  ↳ app/controllers/cats_controller.rb:21
Redirected to 
Completed 500 Internal Server Error in 11ms (ActiveRecord: 6.6ms)



ActionController::ActionControllerError - Cannot redirect to nil!:
  app/controllers/cats_controller.rb:22:in `create'

Started POST "/__better_errors/767e978b08d482c8/variables" for 127.0.0.1 at 2020-05-29 21:45:54 +0200
Started POST "/cats" for 127.0.0.1 at 2020-05-29 21:46:37 +0200
Processing by CatsController#create as HTML
  Parameters: {"cat"=>{"name"=>"22", "birth_date"=>"2020-05-29", "color"=>"blue", "sex"=>"M", "description"=>"2"}}
  [1m[35m (0.1ms)[0m  [1m[35mBEGIN[0m
  ↳ app/controllers/cats_controller.rb:21
  [1m[36mCat Create (1.2ms)[0m  [1m[32mINSERT INTO "cats" ("birth_date", "color", "name", "sex", "description", "created_at", "updated_at") VALUES ($1, $2, $3, $4, $5, $6, $7) RETURNING "id"[0m  [["birth_date", "2020-05-29"], ["color", "blue"], ["name", "22"], ["sex", "M"], ["description", "2"], ["created_at", "2020-05-29 19:46:37.057182"], ["updated_at", "2020-05-29 19:46:37.057182"]]
  ↳ app/controllers/cats_controller.rb:21
  [1m[35m (5.6ms)[0m  [1m[35mCOMMIT[0m
  ↳ app/controllers/cats_controller.rb:21
Completed 500 Internal Server Error in 222ms (ActiveRecord: 11.1ms)



NameError - undefined local variable or method `cats' for #<CatsController:0x000055ab31d3f888>
Did you mean?  @cat:
  app/controllers/cats_controller.rb:22:in `create'

Started POST "/__better_errors/8c3df175817f931c/variables" for 127.0.0.1 at 2020-05-29 21:46:37 +0200
Started POST "/cats" for 127.0.0.1 at 2020-05-29 21:47:38 +0200
Processing by CatsController#create as HTML
  Parameters: {"cat"=>{"name"=>"22", "birth_date"=>"2020-05-29", "color"=>"blue", "sex"=>"M", "description"=>"2"}}
  [1m[35m (0.3ms)[0m  [1m[35mBEGIN[0m
  ↳ app/controllers/cats_controller.rb:21
  [1m[36mCat Create (1.2ms)[0m  [1m[32mINSERT INTO "cats" ("birth_date", "color", "name", "sex", "description", "created_at", "updated_at") VALUES ($1, $2, $3, $4, $5, $6, $7) RETURNING "id"[0m  [["birth_date", "2020-05-29"], ["color", "blue"], ["name", "22"], ["sex", "M"], ["description", "2"], ["created_at", "2020-05-29 19:47:38.737117"], ["updated_at", "2020-05-29 19:47:38.737117"]]
  ↳ app/controllers/cats_controller.rb:21
  [1m[35m (8.8ms)[0m  [1m[35mCOMMIT[0m
  ↳ app/controllers/cats_controller.rb:21
Redirected to http://localhost:3000/cats
Completed 302 Found in 77ms (ActiveRecord: 14.0ms)


Started GET "/cats" for 127.0.0.1 at 2020-05-29 21:47:38 +0200
Processing by CatsController#index as HTML
  Rendering cats/index.html.erb within layouts/application
  [1m[36mCat Load (0.6ms)[0m  [1m[34mSELECT "cats".* FROM "cats"[0m
  ↳ app/views/cats/index.html.erb:2
  Rendered collection of cats/_cat.html.erb [6 times] (1.4ms)
  Rendered cats/index.html.erb within layouts/application (4.7ms)
Completed 200 OK in 26ms (Views: 24.4ms | ActiveRecord: 0.6ms)


Started GET "/cats/5" for 127.0.0.1 at 2020-05-29 21:47:44 +0200
Processing by CatsController#show as HTML
  Parameters: {"id"=>"5"}
  [1m[36mCat Load (0.7ms)[0m  [1m[34mSELECT  "cats".* FROM "cats" WHERE "cats"."id" = $1 LIMIT $2[0m  [["id", 5], ["LIMIT", 1]]
  ↳ app/controllers/cats_controller.rb:10
  Rendering cats/show.html.erb within layouts/application
  Rendered cats/show.html.erb within layouts/application (0.6ms)
Completed 200 OK in 24ms (Views: 18.3ms | ActiveRecord: 0.9ms)


Started GET "/cats/6" for 127.0.0.1 at 2020-05-29 21:47:47 +0200
Processing by CatsController#show as HTML
  Parameters: {"id"=>"6"}
  [1m[36mCat Load (0.4ms)[0m  [1m[34mSELECT  "cats".* FROM "cats" WHERE "cats"."id" = $1 LIMIT $2[0m  [["id", 6], ["LIMIT", 1]]
  ↳ app/controllers/cats_controller.rb:10
  Rendering cats/show.html.erb within layouts/application
  Rendered cats/show.html.erb within layouts/application (0.5ms)
Completed 200 OK in 29ms (Views: 25.8ms | ActiveRecord: 0.4ms)


Started GET "/cats/7" for 127.0.0.1 at 2020-05-29 21:47:49 +0200
Processing by CatsController#show as HTML
  Parameters: {"id"=>"7"}
  [1m[36mCat Load (1.5ms)[0m  [1m[34mSELECT  "cats".* FROM "cats" WHERE "cats"."id" = $1 LIMIT $2[0m  [["id", 7], ["LIMIT", 1]]
  ↳ app/controllers/cats_controller.rb:10
  Rendering cats/show.html.erb within layouts/application
  Rendered cats/show.html.erb within layouts/application (0.5ms)
Completed 200 OK in 31ms (Views: 27.6ms | ActiveRecord: 1.5ms)


Started GET "/cats" for 127.0.0.1 at 2020-05-29 21:48:55 +0200
Processing by CatsController#index as HTML
  Rendering cats/index.html.erb within layouts/application
  [1m[36mCat Load (0.3ms)[0m  [1m[34mSELECT "cats".* FROM "cats"[0m
  ↳ app/views/cats/index.html.erb:2
  Rendered collection of cats/_cat.html.erb [6 times] (1.4ms)
  Rendered cats/index.html.erb within layouts/application (3.9ms)
Completed 200 OK in 32ms (Views: 30.2ms | ActiveRecord: 0.3ms)


Started GET "/cats" for 127.0.0.1 at 2020-05-30 09:51:37 +0200
Processing by CatsController#index as HTML
  Rendering cats/index.html.erb within layouts/application
  [1m[36mCat Load (1.0ms)[0m  [1m[34mSELECT "cats".* FROM "cats"[0m
  ↳ app/views/cats/index.html.erb:2
  Rendered collection of cats/_cat.html.erb [6 times] (2.1ms)
  Rendered cats/index.html.erb within layouts/application (5.6ms)
Completed 200 OK in 46ms (Views: 44.2ms | ActiveRecord: 1.0ms)


Started GET "/cats" for 127.0.0.1 at 2020-05-30 09:54:35 +0200
Processing by CatsController#index as HTML
  Rendering cats/index.html.erb within layouts/application
  [1m[36mCat Load (0.7ms)[0m  [1m[34mSELECT "cats".* FROM "cats"[0m
  ↳ app/views/cats/index.html.erb:2
  Rendered collection of cats/_cat.html.erb [6 times] (2.9ms)
  Rendered cats/index.html.erb within layouts/application (8.4ms)
Completed 200 OK in 47ms (Views: 45.2ms | ActiveRecord: 0.7ms)


Started GET "/cats" for 127.0.0.1 at 2020-05-30 09:54:49 +0200
Processing by CatsController#index as HTML
  Rendering cats/index.html.erb within layouts/application
  [1m[36mCat Load (0.7ms)[0m  [1m[34mSELECT "cats".* FROM "cats"[0m
  ↳ app/views/cats/index.html.erb:2
  Rendered collection of cats/_cat.html.erb [6 times] (2.5ms)
  Rendered cats/index.html.erb within layouts/application (8.4ms)
Completed 200 OK in 39ms (Views: 37.1ms | ActiveRecord: 0.7ms)


Started GET "/cats" for 127.0.0.1 at 2020-05-30 09:54:59 +0200
Processing by CatsController#index as HTML
  Rendering cats/index.html.erb within layouts/application
  [1m[36mCat Load (0.3ms)[0m  [1m[34mSELECT "cats".* FROM "cats"[0m
  ↳ app/views/cats/index.html.erb:2
  Rendered collection of cats/_cat.html.erb [6 times] (0.9ms)
  Rendered cats/index.html.erb within layouts/application (3.1ms)
Completed 200 OK in 35ms (Views: 33.7ms | ActiveRecord: 0.3ms)


Started GET "/cats" for 127.0.0.1 at 2020-05-30 09:56:52 +0200
Processing by CatsController#index as HTML
  Rendering cats/index.html.erb within layouts/application
  [1m[36mCat Load (1.2ms)[0m  [1m[34mSELECT "cats".* FROM "cats"[0m
  ↳ app/views/cats/index.html.erb:2
  Rendered collection of cats/_cat.html.erb [6 times] (1.2ms)
  Rendered cats/index.html.erb within layouts/application (5.9ms)
Completed 200 OK in 24ms (Views: 22.5ms | ActiveRecord: 1.2ms)


Started GET "/cats" for 127.0.0.1 at 2020-05-30 09:58:08 +0200
Processing by CatsController#index as HTML
  Rendering cats/index.html.erb within layouts/application
  [1m[36mCat Load (0.3ms)[0m  [1m[34mSELECT "cats".* FROM "cats"[0m
  ↳ app/views/cats/index.html.erb:2
  Rendered collection of cats/_cat.html.erb [6 times] (2.0ms)
  Rendered cats/index.html.erb within layouts/application (4.7ms)
Completed 200 OK in 40ms (Views: 39.1ms | ActiveRecord: 0.3ms)


Started GET "/cats" for 127.0.0.1 at 2020-05-30 09:58:34 +0200
Processing by CatsController#index as HTML
  Rendering cats/index.html.erb within layouts/application
  [1m[36mCat Load (1.0ms)[0m  [1m[34mSELECT "cats".* FROM "cats"[0m
  ↳ app/views/cats/index.html.erb:2
  Rendered collection of cats/_cat.html.erb [6 times] (1.5ms)
  Rendered cats/index.html.erb within layouts/application (5.0ms)
Completed 200 OK in 43ms (Views: 41.7ms | ActiveRecord: 1.0ms)


Started GET "/cats" for 127.0.0.1 at 2020-05-30 09:58:58 +0200
Processing by CatsController#index as HTML
  Rendering cats/index.html.erb within layouts/application
  [1m[36mCat Load (0.3ms)[0m  [1m[34mSELECT "cats".* FROM "cats"[0m
  ↳ app/views/cats/index.html.erb:2
  Rendered collection of cats/_cat.html.erb [6 times] (1.2ms)
  Rendered cats/index.html.erb within layouts/application (3.4ms)
Completed 200 OK in 36ms (Views: 34.6ms | ActiveRecord: 0.3ms)


Started GET "/cats" for 127.0.0.1 at 2020-05-30 10:00:59 +0200
Processing by CatsController#index as HTML
  Rendering cats/index.html.erb within layouts/application
  [1m[36mCat Load (0.5ms)[0m  [1m[34mSELECT "cats".* FROM "cats"[0m
  ↳ app/views/cats/index.html.erb:2
  Rendered collection of cats/_cat.html.erb [6 times] (1.4ms)
  Rendered cats/index.html.erb within layouts/application (5.0ms)
Completed 200 OK in 40ms (Views: 39.2ms | ActiveRecord: 0.5ms)


Started GET "/cats" for 127.0.0.1 at 2020-05-30 10:03:06 +0200
Processing by CatsController#index as HTML
  Rendering cats/index.html.erb within layouts/application
  [1m[36mCat Load (0.4ms)[0m  [1m[34mSELECT "cats".* FROM "cats"[0m
  ↳ app/views/cats/index.html.erb:2
  Rendered collection of cats/_cat.html.erb [6 times] (1.1ms)
  Rendered cats/index.html.erb within layouts/application (3.5ms)
Completed 200 OK in 39ms (Views: 37.8ms | ActiveRecord: 0.4ms)


Started GET "/cats" for 127.0.0.1 at 2020-05-30 10:03:49 +0200
Processing by CatsController#index as HTML
  Rendering cats/index.html.erb within layouts/application
  [1m[36mCat Load (0.5ms)[0m  [1m[34mSELECT "cats".* FROM "cats"[0m
  ↳ app/views/cats/index.html.erb:2
  Rendered collection of cats/_cat.html.erb [6 times] (1.0ms)
  Rendered cats/index.html.erb within layouts/application (3.6ms)
Completed 200 OK in 37ms (Views: 35.5ms | ActiveRecord: 0.5ms)


Started GET "/cats" for 127.0.0.1 at 2020-05-30 10:06:19 +0200
Processing by CatsController#index as HTML
  Rendering cats/index.html.erb within layouts/application
  [1m[36mCat Load (0.7ms)[0m  [1m[34mSELECT "cats".* FROM "cats"[0m
  ↳ app/views/cats/index.html.erb:2
  Rendered collection of cats/_cat.html.erb [6 times] (0.9ms)
  Rendered cats/index.html.erb within layouts/application (3.5ms)
Completed 200 OK in 36ms (Views: 34.5ms | ActiveRecord: 0.7ms)


Started GET "/cats" for 127.0.0.1 at 2020-05-30 10:07:25 +0200
Processing by CatsController#index as HTML
  Rendering cats/index.html.erb within layouts/application
  [1m[36mCat Load (0.6ms)[0m  [1m[34mSELECT "cats".* FROM "cats"[0m
  ↳ app/views/cats/index.html.erb:2
  Rendered collection of cats/_cat.html.erb [6 times] (1.7ms)
  Rendered cats/index.html.erb within layouts/application (5.2ms)
Completed 200 OK in 63ms (Views: 61.2ms | ActiveRecord: 0.6ms)


Started GET "/cats" for 127.0.0.1 at 2020-05-30 10:07:51 +0200
Processing by CatsController#index as HTML
  Rendering cats/index.html.erb within layouts/application
  [1m[36mCat Load (0.3ms)[0m  [1m[34mSELECT "cats".* FROM "cats"[0m
  ↳ app/views/cats/index.html.erb:2
  Rendered collection of cats/_cat.html.erb [6 times] (0.7ms)
  Rendered cats/index.html.erb within layouts/application (2.8ms)
Completed 200 OK in 19ms (Views: 18.0ms | ActiveRecord: 0.3ms)


  [1m[35m (1.0ms)[0m  [1m[34mSELECT "schema_migrations"."version" FROM "schema_migrations" ORDER BY "schema_migrations"."version" ASC[0m
  ↳ bin/rails:9
  [1m[36mCat Load (1.2ms)[0m  [1m[34mSELECT "cats".* FROM "cats"[0m
  ↳ db/seeds.rb:9
  [1m[35m (0.2ms)[0m  [1m[35mBEGIN[0m
  ↳ db/seeds.rb:9
  [1m[36mCat Destroy (0.4ms)[0m  [1m[31mDELETE FROM "cats" WHERE "cats"."id" = $1[0m  [["id", 2]]
  ↳ db/seeds.rb:9
  [1m[35m (4.9ms)[0m  [1m[35mCOMMIT[0m
  ↳ db/seeds.rb:9
  [1m[35m (0.2ms)[0m  [1m[35mBEGIN[0m
  ↳ db/seeds.rb:9
  [1m[36mCat Destroy (0.3ms)[0m  [1m[31mDELETE FROM "cats" WHERE "cats"."id" = $1[0m  [["id", 3]]
  ↳ db/seeds.rb:9
  [1m[35m (6.7ms)[0m  [1m[35mCOMMIT[0m
  ↳ db/seeds.rb:9
  [1m[35m (0.2ms)[0m  [1m[35mBEGIN[0m
  ↳ db/seeds.rb:9
  [1m[36mCat Destroy (0.3ms)[0m  [1m[31mDELETE FROM "cats" WHERE "cats"."id" = $1[0m  [["id", 4]]
  ↳ db/seeds.rb:9
  [1m[35m (5.5ms)[0m  [1m[35mCOMMIT[0m
  ↳ db/seeds.rb:9
  [1m[35m (0.2ms)[0m  [1m[35mBEGIN[0m
  ↳ db/seeds.rb:9
  [1m[36mCat Destroy (0.4ms)[0m  [1m[31mDELETE FROM "cats" WHERE "cats"."id" = $1[0m  [["id", 5]]
  ↳ db/seeds.rb:9
  [1m[35m (5.5ms)[0m  [1m[35mCOMMIT[0m
  ↳ db/seeds.rb:9
  [1m[35m (0.2ms)[0m  [1m[35mBEGIN[0m
  ↳ db/seeds.rb:9
  [1m[36mCat Destroy (0.4ms)[0m  [1m[31mDELETE FROM "cats" WHERE "cats"."id" = $1[0m  [["id", 6]]
  ↳ db/seeds.rb:9
  [1m[35m (5.6ms)[0m  [1m[35mCOMMIT[0m
  ↳ db/seeds.rb:9
  [1m[35m (0.2ms)[0m  [1m[35mBEGIN[0m
  ↳ db/seeds.rb:9
  [1m[36mCat Destroy (0.4ms)[0m  [1m[31mDELETE FROM "cats" WHERE "cats"."id" = $1[0m  [["id", 7]]
  ↳ db/seeds.rb:9
  [1m[35m (5.4ms)[0m  [1m[35mCOMMIT[0m
  ↳ db/seeds.rb:9
  [1m[35m (0.2ms)[0m  [1m[35mBEGIN[0m
  ↳ db/seeds.rb:11
  [1m[36mCat Create (3.2ms)[0m  [1m[32mINSERT INTO "cats" ("birth_date", "color", "name", "sex", "description", "created_at", "updated_at") VALUES ($1, $2, $3, $4, $5, $6, $7) RETURNING "id"[0m  [["birth_date", "2020-04-30"], ["color", "blue"], ["name", "Rex"], ["sex", "M"], ["description", "Cute, but aggresive"], ["created_at", "2020-06-01 11:29:14.731259"], ["updated_at", "2020-06-01 11:29:14.731259"]]
  ↳ db/seeds.rb:11
  [1m[35m (3.6ms)[0m  [1m[35mCOMMIT[0m
  ↳ db/seeds.rb:11
  [1m[35m (0.3ms)[0m  [1m[35mBEGIN[0m
  ↳ db/seeds.rb:12
  [1m[36mCat Create (0.4ms)[0m  [1m[32mINSERT INTO "cats" ("birth_date", "color", "name", "sex", "description", "created_at", "updated_at") VALUES ($1, $2, $3, $4, $5, $6, $7) RETURNING "id"[0m  [["birth_date", "2020-03-22"], ["color", "green"], ["name", "Hellena"], ["sex", "F"], ["description", "Quite ok"], ["created_at", "2020-06-01 11:29:14.741645"], ["updated_at", "2020-06-01 11:29:14.741645"]]
  ↳ db/seeds.rb:12
  [1m[35m (5.5ms)[0m  [1m[35mCOMMIT[0m
  ↳ db/seeds.rb:12
  [1m[35m (0.1ms)[0m  [1m[35mBEGIN[0m
  ↳ db/seeds.rb:13
  [1m[36mCat Create (0.4ms)[0m  [1m[32mINSERT INTO "cats" ("birth_date", "color", "name", "sex", "description", "created_at", "updated_at") VALUES ($1, $2, $3, $4, $5, $6, $7) RETURNING "id"[0m  [["birth_date", "2020-02-20"], ["color", "yellow"], ["name", "Kocys"], ["sex", "M"], ["description", "Long story..."], ["created_at", "2020-06-01 11:29:14.750182"], ["updated_at", "2020-06-01 11:29:14.750182"]]
  ↳ db/seeds.rb:13
  [1m[35m (5.5ms)[0m  [1m[35mCOMMIT[0m
  ↳ db/seeds.rb:13
  [1m[36mCat Load (0.4ms)[0m  [1m[34mSELECT "cats".* FROM "cats"[0m
  [1m[35m (2.8ms)[0m  [1m[34mSELECT COUNT(*) FROM "cats"[0m
  [1m[35m (0.2ms)[0m  [1m[34mSELECT pg_try_advisory_lock(7809834472913233005)[0m
  ↳ bin/rails:9
  [1m[35m (0.4ms)[0m  [1m[34mSELECT "schema_migrations"."version" FROM "schema_migrations" ORDER BY "schema_migrations"."version" ASC[0m
  ↳ bin/rails:9
Migrating to AddUniqueNameDateCatConstraint (20200601113032)
  [1m[35m (0.2ms)[0m  [1m[35mBEGIN[0m
  ↳ bin/rails:9
  [1m[35m (19.4ms)[0m  [1m[35mCREATE UNIQUE INDEX  "index_cats_on_name_and_birth_date" ON "cats"  ("name", "birth_date")[0m
  ↳ db/migrate/20200601113032_add_unique_name_date_cat_constraint.rb:5
  [1m[36mActiveRecord::SchemaMigration Create (0.4ms)[0m  [1m[32mINSERT INTO "schema_migrations" ("version") VALUES ($1) RETURNING "version"[0m  [["version", "20200601113032"]]
  ↳ bin/rails:9
  [1m[35m (7.0ms)[0m  [1m[35mCOMMIT[0m
  ↳ bin/rails:9
  [1m[36mActiveRecord::InternalMetadata Load (3.1ms)[0m  [1m[34mSELECT  "ar_internal_metadata".* FROM "ar_internal_metadata" WHERE "ar_internal_metadata"."key" = $1 LIMIT $2[0m  [["key", "environment"], ["LIMIT", 1]]
  ↳ bin/rails:9
  [1m[35m (0.2ms)[0m  [1m[35mBEGIN[0m
  ↳ bin/rails:9
  [1m[35m (0.2ms)[0m  [1m[35mCOMMIT[0m
  ↳ bin/rails:9
  [1m[35m (0.2ms)[0m  [1m[34mSELECT pg_advisory_unlock(7809834472913233005)[0m
  ↳ bin/rails:9
  [1m[35m (0.3ms)[0m  [1m[34mSELECT "schema_migrations"."version" FROM "schema_migrations" ORDER BY "schema_migrations"."version" ASC[0m
  ↳ bin/rails:9
